# JRE version: OpenJDK Runtime Environment Temurin-21.0.6+7 (21.0.6+7) (build 21.0.6+7-LTS)
# Java VM: OpenJDK 64-Bit Server VM Temurin-21.0.6+7 (21.0.6+7-LTS, mixed mode, sharing, tiered, compressed oops, compressed class ptrs, g1 gc, windows-amd64)
GC Precious Log:
 CardTable entry size: 512
 Card Set container configuration: InlinePtr #cards 4 size 8 Array Of Cards #cards 16 size 48 Howl #buckets 8 coarsen threshold 3686 Howl Bitmap #cards 512 size 80 coarsen threshold 460 Card regions per heap region 1 cards per card region 4096
 CPUs: 8 total, 8 available
 Memory: 15293M
 Large Page Support: Disabled
 NUMA Support: Disabled
 Compressed Oops: Enabled (Zero based)
 Heap Region Size: 2M
 Heap Min Capacity: 8M
 Heap Initial Capacity: 240M
 Heap Max Capacity: 3824M
 Pre-touch: Disabled
 Parallel Workers: 8
 Concurrent Workers: 2
 Concurrent Refinement Workers: 8
 Periodic GC: Disabled
Heap:
 garbage-first heap   total 49152K, used 34587K [0x0000000711000000, 0x0000000800000000)
  region size 2048K, 8 young (16384K), 2 survivors (4096K)
 Metaspace       used 55619K, committed 55936K, reserved 1114112K
  class space    used 7274K, committed 7424K, reserved 1048576K
GC Heap History (20 events):
Event: 1.667 GC heap before
{Heap before GC invocations=1 (full 0):
 garbage-first heap   total 245760K, used 28247K [0x0000000711000000, 0x0000000800000000)
  region size 2048K, 13 young (26624K), 2 survivors (4096K)
 Metaspace       used 11449K, committed 11648K, reserved 1114112K
  class space    used 1330K, committed 1408K, reserved 1048576K
}
Event: 1.673 GC heap after
{Heap after GC invocations=2 (full 0):
 garbage-first heap   total 245760K, used 8849K [0x0000000711000000, 0x0000000800000000)
  region size 2048K, 1 young (2048K), 1 survivors (2048K)
 Metaspace       used 11449K, committed 11648K, reserved 1114112K
  class space    used 1330K, committed 1408K, reserved 1048576K
}
Event: 3.486 GC heap before
{Heap before GC invocations=2 (full 0):
 garbage-first heap   total 245760K, used 66193K [0x0000000711000000, 0x0000000800000000)
  region size 2048K, 31 young (63488K), 1 survivors (2048K)
 Metaspace       used 21310K, committed 21504K, reserved 1114112K
  class space    used 2593K, committed 2688K, reserved 1048576K
}
Event: 3.507 GC heap after
{Heap after GC invocations=3 (full 0):
 garbage-first heap   total 245760K, used 12824K [0x0000000711000000, 0x0000000800000000)
  region size 2048K, 3 young (6144K), 3 survivors (6144K)
 Metaspace       used 21310K, committed 21504K, reserved 1114112K
  class space    used 2593K, committed 2688K, reserved 1048576K
}
Event: 4.349 GC heap before
{Heap before GC invocations=4 (full 0):
 garbage-first heap   total 49152K, used 33304K [0x0000000711000000, 0x0000000800000000)
  region size 2048K, 14 young (28672K), 3 survivors (6144K)
 Metaspace       used 26018K, committed 26368K, reserved 1114112K
  class space    used 3182K, committed 3328K, reserved 1048576K
}
Event: 4.362 GC heap after
{Heap after GC invocations=5 (full 0):
 garbage-first heap   total 49152K, used 15572K [0x0000000711000000, 0x0000000800000000)
  region size 2048K, 2 young (4096K), 2 survivors (4096K)
 Metaspace       used 26018K, committed 26368K, reserved 1114112K
  class space    used 3182K, committed 3328K, reserved 1048576K
}
Event: 5.010 GC heap before
{Heap before GC invocations=5 (full 0):
 garbage-first heap   total 49152K, used 34004K [0x0000000711000000, 0x0000000800000000)
  region size 2048K, 11 young (22528K), 2 survivors (4096K)
 Metaspace       used 29498K, committed 29824K, reserved 1114112K
  class space    used 3644K, committed 3840K, reserved 1048576K
}
Event: 5.017 GC heap after
{Heap after GC invocations=6 (full 0):
 garbage-first heap   total 49152K, used 16659K [0x0000000711000000, 0x0000000800000000)
  region size 2048K, 1 young (2048K), 1 survivors (2048K)
 Metaspace       used 29498K, committed 29824K, reserved 1114112K
  class space    used 3644K, committed 3840K, reserved 1048576K
}
Event: 5.780 GC heap before
{Heap before GC invocations=6 (full 0):
 garbage-first heap   total 49152K, used 35091K [0x0000000711000000, 0x0000000800000000)
  region size 2048K, 10 young (20480K), 1 survivors (2048K)
 Metaspace       used 34495K, committed 34752K, reserved 1114112K
  class space    used 4437K, committed 4544K, reserved 1048576K
}
Event: 5.784 GC heap after
{Heap after GC invocations=7 (full 0):
 garbage-first heap   total 49152K, used 17777K [0x0000000711000000, 0x0000000800000000)
  region size 2048K, 2 young (4096K), 2 survivors (4096K)
 Metaspace       used 34495K, committed 34752K, reserved 1114112K
  class space    used 4437K, committed 4544K, reserved 1048576K
}
Event: 5.869 GC heap before
{Heap before GC invocations=7 (full 0):
 garbage-first heap   total 49152K, used 19825K [0x0000000711000000, 0x0000000800000000)
  region size 2048K, 4 young (8192K), 2 survivors (4096K)
 Metaspace       used 35612K, committed 35968K, reserved 1114112K
  class space    used 4554K, committed 4736K, reserved 1048576K
}
Event: 5.872 GC heap after
{Heap after GC invocations=8 (full 0):
 garbage-first heap   total 49152K, used 17941K [0x0000000711000000, 0x0000000800000000)
  region size 2048K, 1 young (2048K), 1 survivors (2048K)
 Metaspace       used 35612K, committed 35968K, reserved 1114112K
  class space    used 4554K, committed 4736K, reserved 1048576K
}
Event: 6.827 GC heap before
{Heap before GC invocations=9 (full 0):
 garbage-first heap   total 49152K, used 38421K [0x0000000711000000, 0x0000000800000000)
  region size 2048K, 11 young (22528K), 1 survivors (2048K)
 Metaspace       used 43429K, committed 43776K, reserved 1114112K
  class space    used 5573K, committed 5760K, reserved 1048576K
}
Event: 6.831 GC heap after
{Heap after GC invocations=10 (full 0):
 garbage-first heap   total 49152K, used 20196K [0x0000000711000000, 0x0000000800000000)
  region size 2048K, 2 young (4096K), 2 survivors (4096K)
 Metaspace       used 43429K, committed 43776K, reserved 1114112K
  class space    used 5573K, committed 5760K, reserved 1048576K
}
Event: 7.612 GC heap before
{Heap before GC invocations=10 (full 0):
 garbage-first heap   total 49152K, used 38628K [0x0000000711000000, 0x0000000800000000)
  region size 2048K, 11 young (22528K), 2 survivors (4096K)
 Metaspace       used 48212K, committed 48576K, reserved 1114112K
  class space    used 6320K, committed 6528K, reserved 1048576K
}
Event: 7.617 GC heap after
{Heap after GC invocations=11 (full 0):
 garbage-first heap   total 49152K, used 21020K [0x0000000711000000, 0x0000000800000000)
  region size 2048K, 1 young (2048K), 1 survivors (2048K)
 Metaspace       used 48212K, committed 48576K, reserved 1114112K
  class space    used 6320K, committed 6528K, reserved 1048576K
}
Event: 8.240 GC heap before
{Heap before GC invocations=11 (full 0):
 garbage-first heap   total 49152K, used 39452K [0x0000000711000000, 0x0000000800000000)
  region size 2048K, 10 young (20480K), 1 survivors (2048K)
 Metaspace       used 52000K, committed 52416K, reserved 1114112K
  class space    used 6796K, committed 6976K, reserved 1048576K
}
Event: 8.244 GC heap after
{Heap after GC invocations=12 (full 0):
 garbage-first heap   total 49152K, used 22576K [0x0000000711000000, 0x0000000800000000)
  region size 2048K, 2 young (4096K), 2 survivors (4096K)
 Metaspace       used 52000K, committed 52416K, reserved 1114112K
  class space    used 6796K, committed 6976K, reserved 1048576K
}
Event: 8.763 GC heap before
{Heap before GC invocations=12 (full 0):
 garbage-first heap   total 49152K, used 38960K [0x0000000711000000, 0x0000000800000000)
  region size 2048K, 10 young (20480K), 2 survivors (4096K)
 Metaspace       used 54005K, committed 54464K, reserved 1114112K
  class space    used 7081K, committed 7296K, reserved 1048576K
}
Event: 8.768 GC heap after
{Heap after GC invocations=13 (full 0):
 garbage-first heap   total 49152K, used 24347K [0x0000000711000000, 0x0000000800000000)
  region size 2048K, 2 young (4096K), 2 survivors (4096K)
 Metaspace       used 54005K, committed 54464K, reserved 1114112K
  class space    used 7081K, committed 7296K, reserved 1048576K
}

